# JRE version: Java(TM) SE Runtime Environment (21.0.6+8) (build 21.0.6+8-LTS-188)
# Java VM: Java HotSpot(TM) 64-Bit Server VM (21.0.6+8-LTS-188, mixed mode, sharing, tiered, compressed oops, compressed class ptrs, g1 gc, windows-amd64)
GC Precious Log:
 CardTable entry size: 512
 Card Set container configuration: InlinePtr #cards 5 size 8 Array Of Cards #cards 12 size 40 Howl #buckets 4 coarsen threshold 1843 Howl Bitmap #cards 512 size 80 coarsen threshold 460 Card regions per heap region 1 cards per card region 2048
 CPUs: 4 total, 4 available
 Memory: 8092M
 Large Page Support: Disabled
 NUMA Support: Disabled
 Compressed Oops: Enabled (32-bit)
 Heap Region Size: 1M
 Heap Min Capacity: 8M
 Heap Initial Capacity: 128M
 Heap Max Capacity: 2024M
 Pre-touch: Disabled
 Parallel Workers: 4
 Concurrent Workers: 1
 Concurrent Refinement Workers: 4
 Periodic GC: Disabled
Heap:
 garbage-first heap   total 70656K, used 47440K [0x0000000081800000, 0x0000000100000000)
  region size 1024K, 13 young (13312K), 2 survivors (2048K)
 Metaspace       used 75595K, committed 76352K, reserved 1179648K
  class space    used 10181K, committed 10560K, reserved 1048576K
GC Heap History (20 events):
Event: 5.755 GC heap before
{Heap before GC invocations=8 (full 0):
 garbage-first heap   total 58368K, used 39603K [0x0000000081800000, 0x0000000100000000)
  region size 1024K, 22 young (22528K), 4 survivors (4096K)
 Metaspace       used 35427K, committed 35968K, reserved 1114112K
  class space    used 4507K, committed 4736K, reserved 1048576K
}
Event: 5.768 GC heap after
{Heap after GC invocations=9 (full 0):
 garbage-first heap   total 58368K, used 24040K [0x0000000081800000, 0x0000000100000000)
  region size 1024K, 2 young (2048K), 2 survivors (2048K)
 Metaspace       used 35427K, committed 35968K, reserved 1114112K
  class space    used 4507K, committed 4736K, reserved 1048576K
}
Event: 6.617 GC heap before
{Heap before GC invocations=10 (full 0):
 garbage-first heap   total 58368K, used 48616K [0x0000000081800000, 0x0000000100000000)
  region size 1024K, 27 young (27648K), 2 survivors (2048K)
 Metaspace       used 42244K, committed 42880K, reserved 1114112K
  class space    used 5548K, committed 5824K, reserved 1048576K
}
Event: 6.621 GC heap after
{Heap after GC invocations=11 (full 0):
 garbage-first heap   total 58368K, used 25640K [0x0000000081800000, 0x0000000100000000)
  region size 1024K, 4 young (4096K), 4 survivors (4096K)
 Metaspace       used 42244K, committed 42880K, reserved 1114112K
  class space    used 5548K, committed 5824K, reserved 1048576K
}
Event: 7.363 GC heap before
{Heap before GC invocations=11 (full 0):
 garbage-first heap   total 58368K, used 48168K [0x0000000081800000, 0x0000000100000000)
  region size 1024K, 27 young (27648K), 4 survivors (4096K)
 Metaspace       used 48556K, committed 49216K, reserved 1114112K
  class space    used 6352K, committed 6656K, reserved 1048576K
}
Event: 7.369 GC heap after
{Heap after GC invocations=12 (full 0):
 garbage-first heap   total 58368K, used 27612K [0x0000000081800000, 0x0000000100000000)
  region size 1024K, 4 young (4096K), 4 survivors (4096K)
 Metaspace       used 48556K, committed 49216K, reserved 1114112K
  class space    used 6352K, committed 6656K, reserved 1048576K
}
Event: 7.949 GC heap before
{Heap before GC invocations=12 (full 0):
 garbage-first heap   total 58368K, used 49116K [0x0000000081800000, 0x0000000100000000)
  region size 1024K, 26 young (26624K), 4 survivors (4096K)
 Metaspace       used 55401K, committed 56064K, reserved 1114112K
  class space    used 7382K, committed 7680K, reserved 1048576K
}
Event: 7.956 GC heap after
{Heap after GC invocations=13 (full 0):
 garbage-first heap   total 58368K, used 29196K [0x0000000081800000, 0x0000000100000000)
  region size 1024K, 2 young (2048K), 2 survivors (2048K)
 Metaspace       used 55401K, committed 56064K, reserved 1114112K
  class space    used 7382K, committed 7680K, reserved 1048576K
}
Event: 8.401 GC heap before
{Heap before GC invocations=13 (full 0):
 garbage-first heap   total 58368K, used 49676K [0x0000000081800000, 0x0000000100000000)
  region size 1024K, 23 young (23552K), 2 survivors (2048K)
 Metaspace       used 59498K, committed 60160K, reserved 1114112K
  class space    used 7965K, committed 8256K, reserved 1048576K
}
Event: 8.404 GC heap after
{Heap after GC invocations=14 (full 0):
 garbage-first heap   total 58368K, used 29672K [0x0000000081800000, 0x0000000100000000)
  region size 1024K, 2 young (2048K), 2 survivors (2048K)
 Metaspace       used 59498K, committed 60160K, reserved 1114112K
  class space    used 7965K, committed 8256K, reserved 1048576K
}
Event: 9.750 GC heap before
{Heap before GC invocations=15 (full 0):
 garbage-first heap   total 58368K, used 50152K [0x0000000081800000, 0x0000000100000000)
  region size 1024K, 23 young (23552K), 2 survivors (2048K)
 Metaspace       used 63052K, committed 63680K, reserved 1114112K
  class space    used 8481K, committed 8768K, reserved 1048576K
}
Event: 9.757 GC heap after
{Heap after GC invocations=16 (full 0):
 garbage-first heap   total 58368K, used 31859K [0x0000000081800000, 0x0000000100000000)
  region size 1024K, 3 young (3072K), 3 survivors (3072K)
 Metaspace       used 63052K, committed 63680K, reserved 1114112K
  class space    used 8481K, committed 8768K, reserved 1048576K
}
Event: 10.140 GC heap before
{Heap before GC invocations=16 (full 0):
 garbage-first heap   total 58368K, used 50291K [0x0000000081800000, 0x0000000100000000)
  region size 1024K, 21 young (21504K), 3 survivors (3072K)
 Metaspace       used 65024K, committed 65728K, reserved 1114112K
  class space    used 8739K, committed 9024K, reserved 1048576K
}
Event: 10.147 GC heap after
{Heap after GC invocations=17 (full 0):
 garbage-first heap   total 58368K, used 32740K [0x0000000081800000, 0x0000000100000000)
  region size 1024K, 2 young (2048K), 2 survivors (2048K)
 Metaspace       used 65024K, committed 65728K, reserved 1114112K
  class space    used 8739K, committed 9024K, reserved 1048576K
}
Event: 10.504 GC heap before
{Heap before GC invocations=17 (full 0):
 garbage-first heap   total 58368K, used 51172K [0x0000000081800000, 0x0000000100000000)
  region size 1024K, 20 young (20480K), 2 survivors (2048K)
 Metaspace       used 66084K, committed 66752K, reserved 1114112K
  class space    used 8860K, committed 9152K, reserved 1048576K
}
Event: 10.508 GC heap after
{Heap after GC invocations=18 (full 0):
 garbage-first heap   total 70656K, used 33757K [0x0000000081800000, 0x0000000100000000)
  region size 1024K, 3 young (3072K), 3 survivors (3072K)
 Metaspace       used 66084K, committed 66752K, reserved 1114112K
  class space    used 8860K, committed 9152K, reserved 1048576K
}
Event: 11.307 GC heap before
{Heap before GC invocations=19 (full 0):
 garbage-first heap   total 70656K, used 62429K [0x0000000081800000, 0x0000000100000000)
  region size 1024K, 31 young (31744K), 3 survivors (3072K)
 Metaspace       used 68703K, committed 69376K, reserved 1114112K
  class space    used 9240K, committed 9536K, reserved 1048576K
}
Event: 11.315 GC heap after
{Heap after GC invocations=20 (full 0):
 garbage-first heap   total 70656K, used 36204K [0x0000000081800000, 0x0000000100000000)
  region size 1024K, 4 young (4096K), 4 survivors (4096K)
 Metaspace       used 68703K, committed 69376K, reserved 1114112K
  class space    used 9240K, committed 9536K, reserved 1048576K
}
Event: 11.977 GC heap before
{Heap before GC invocations=20 (full 0):
 garbage-first heap   total 70656K, used 61804K [0x0000000081800000, 0x0000000100000000)
  region size 1024K, 29 young (29696K), 4 survivors (4096K)
 Metaspace       used 72755K, committed 73408K, reserved 1114112K
  class space    used 9814K, committed 10112K, reserved 1048576K
}
Event: 11.986 GC heap after
{Heap after GC invocations=21 (full 0):
 garbage-first heap   total 70656K, used 37200K [0x0000000081800000, 0x0000000100000000)
  region size 1024K, 2 young (2048K), 2 survivors (2048K)
 Metaspace       used 72755K, committed 73408K, reserved 1114112K
  class space    used 9814K, committed 10112K, reserved 1048576K
}

