# JRE version: Java(TM) SE Runtime Environment (21.0.6+8) (build 21.0.6+8-LTS-188)
# Java VM: Java HotSpot(TM) 64-Bit Server VM (21.0.6+8-LTS-188, mixed mode, sharing, tiered, compressed oops, compressed class ptrs, g1 gc, windows-amd64)
GC Precious Log:
 CardTable entry size: 512
 Card Set container configuration: InlinePtr #cards 5 size 8 Array Of Cards #cards 12 size 40 Howl #buckets 4 coarsen threshold 1843 Howl Bitmap #cards 512 size 80 coarsen threshold 460 Card regions per heap region 1 cards per card region 2048
 CPUs: 4 total, 4 available
 Memory: 8092M
 Large Page Support: Disabled
 NUMA Support: Disabled
 Compressed Oops: Enabled (32-bit)
 Heap Region Size: 1M
 Heap Min Capacity: 8M
 Heap Initial Capacity: 128M
 Heap Max Capacity: 2024M
 Pre-touch: Disabled
 Parallel Workers: 4
 Concurrent Workers: 1
 Concurrent Refinement Workers: 4
 Periodic GC: Disabled
Heap:
 garbage-first heap   total 70656K, used 49916K [0x0000000081800000, 0x0000000100000000)
  region size 1024K, 16 young (16384K), 3 survivors (3072K)
 Metaspace       used 75548K, committed 76224K, reserved 1179648K
  class space    used 10175K, committed 10496K, reserved 1048576K
GC Heap History (20 events):
Event: 5.532 GC heap before
{Heap before GC invocations=8 (full 0):
 garbage-first heap   total 58368K, used 38214K [0x0000000081800000, 0x0000000100000000)
  region size 1024K, 20 young (20480K), 3 survivors (3072K)
 Metaspace       used 35423K, committed 35968K, reserved 1114112K
  class space    used 4506K, committed 4736K, reserved 1048576K
}
Event: 5.538 GC heap after
{Heap after GC invocations=9 (full 0):
 garbage-first heap   total 58368K, used 24159K [0x0000000081800000, 0x0000000100000000)
  region size 1024K, 2 young (2048K), 2 survivors (2048K)
 Metaspace       used 35423K, committed 35968K, reserved 1114112K
  class space    used 4506K, committed 4736K, reserved 1048576K
}
Event: 6.334 GC heap before
{Heap before GC invocations=10 (full 0):
 garbage-first heap   total 58368K, used 49759K [0x0000000081800000, 0x0000000100000000)
  region size 1024K, 27 young (27648K), 2 survivors (2048K)
 Metaspace       used 42247K, committed 42816K, reserved 1114112K
  class space    used 5547K, committed 5824K, reserved 1048576K
}
Event: 6.338 GC heap after
{Heap after GC invocations=11 (full 0):
 garbage-first heap   total 58368K, used 25750K [0x0000000081800000, 0x0000000100000000)
  region size 1024K, 4 young (4096K), 4 survivors (4096K)
 Metaspace       used 42247K, committed 42816K, reserved 1114112K
  class space    used 5547K, committed 5824K, reserved 1048576K
}
Event: 7.065 GC heap before
{Heap before GC invocations=11 (full 0):
 garbage-first heap   total 58368K, used 48278K [0x0000000081800000, 0x0000000100000000)
  region size 1024K, 27 young (27648K), 4 survivors (4096K)
 Metaspace       used 48556K, committed 49216K, reserved 1114112K
  class space    used 6351K, committed 6656K, reserved 1048576K
}
Event: 7.072 GC heap after
{Heap after GC invocations=12 (full 0):
 garbage-first heap   total 58368K, used 27648K [0x0000000081800000, 0x0000000100000000)
  region size 1024K, 4 young (4096K), 4 survivors (4096K)
 Metaspace       used 48556K, committed 49216K, reserved 1114112K
  class space    used 6351K, committed 6656K, reserved 1048576K
}
Event: 7.515 GC heap before
{Heap before GC invocations=12 (full 0):
 garbage-first heap   total 58368K, used 49152K [0x0000000081800000, 0x0000000100000000)
  region size 1024K, 26 young (26624K), 4 survivors (4096K)
 Metaspace       used 55308K, committed 55936K, reserved 1114112K
  class space    used 7362K, committed 7680K, reserved 1048576K
}
Event: 7.523 GC heap after
{Heap after GC invocations=13 (full 0):
 garbage-first heap   total 58368K, used 28996K [0x0000000081800000, 0x0000000100000000)
  region size 1024K, 2 young (2048K), 2 survivors (2048K)
 Metaspace       used 55308K, committed 55936K, reserved 1114112K
  class space    used 7362K, committed 7680K, reserved 1048576K
}
Event: 7.932 GC heap before
{Heap before GC invocations=13 (full 0):
 garbage-first heap   total 58368K, used 49476K [0x0000000081800000, 0x0000000100000000)
  region size 1024K, 24 young (24576K), 2 survivors (2048K)
 Metaspace       used 59584K, committed 60288K, reserved 1114112K
  class space    used 7978K, committed 8320K, reserved 1048576K
}
Event: 7.934 GC heap after
{Heap after GC invocations=14 (full 0):
 garbage-first heap   total 58368K, used 29480K [0x0000000081800000, 0x0000000100000000)
  region size 1024K, 2 young (2048K), 2 survivors (2048K)
 Metaspace       used 59584K, committed 60288K, reserved 1114112K
  class space    used 7978K, committed 8320K, reserved 1048576K
}
Event: 9.295 GC heap before
{Heap before GC invocations=15 (full 0):
 garbage-first heap   total 58368K, used 50984K [0x0000000081800000, 0x0000000100000000)
  region size 1024K, 24 young (24576K), 2 survivors (2048K)
 Metaspace       used 63362K, committed 64064K, reserved 1114112K
  class space    used 8524K, committed 8832K, reserved 1048576K
}
Event: 9.301 GC heap after
{Heap after GC invocations=16 (full 0):
 garbage-first heap   total 58368K, used 31736K [0x0000000081800000, 0x0000000100000000)
  region size 1024K, 3 young (3072K), 3 survivors (3072K)
 Metaspace       used 63362K, committed 64064K, reserved 1114112K
  class space    used 8524K, committed 8832K, reserved 1048576K
}
Event: 9.720 GC heap before
{Heap before GC invocations=16 (full 0):
 garbage-first heap   total 58368K, used 51192K [0x0000000081800000, 0x0000000100000000)
  region size 1024K, 22 young (22528K), 3 survivors (3072K)
 Metaspace       used 65148K, committed 65856K, reserved 1114112K
  class space    used 8746K, committed 9024K, reserved 1048576K
}
Event: 9.727 GC heap after
{Heap after GC invocations=17 (full 0):
 garbage-first heap   total 58368K, used 32869K [0x0000000081800000, 0x0000000100000000)
  region size 1024K, 2 young (2048K), 2 survivors (2048K)
 Metaspace       used 65148K, committed 65856K, reserved 1114112K
  class space    used 8746K, committed 9024K, reserved 1048576K
}
Event: 10.008 GC heap before
{Heap before GC invocations=17 (full 0):
 garbage-first heap   total 58368K, used 51301K [0x0000000081800000, 0x0000000100000000)
  region size 1024K, 20 young (20480K), 2 survivors (2048K)
 Metaspace       used 66525K, committed 67200K, reserved 1114112K
  class space    used 8912K, committed 9216K, reserved 1048576K
}
Event: 10.012 GC heap after
{Heap after GC invocations=18 (full 0):
 garbage-first heap   total 70656K, used 33791K [0x0000000081800000, 0x0000000100000000)
  region size 1024K, 3 young (3072K), 3 survivors (3072K)
 Metaspace       used 66525K, committed 67200K, reserved 1114112K
  class space    used 8912K, committed 9216K, reserved 1048576K
}
Event: 10.662 GC heap before
{Heap before GC invocations=19 (full 0):
 garbage-first heap   total 70656K, used 62463K [0x0000000081800000, 0x0000000100000000)
  region size 1024K, 31 young (31744K), 3 survivors (3072K)
 Metaspace       used 69108K, committed 69824K, reserved 1114112K
  class space    used 9296K, committed 9600K, reserved 1048576K
}
Event: 10.670 GC heap after
{Heap after GC invocations=20 (full 0):
 garbage-first heap   total 70656K, used 36063K [0x0000000081800000, 0x0000000100000000)
  region size 1024K, 4 young (4096K), 4 survivors (4096K)
 Metaspace       used 69108K, committed 69824K, reserved 1114112K
  class space    used 9296K, committed 9600K, reserved 1048576K
}
Event: 11.339 GC heap before
{Heap before GC invocations=20 (full 0):
 garbage-first heap   total 70656K, used 61663K [0x0000000081800000, 0x0000000100000000)
  region size 1024K, 29 young (29696K), 4 survivors (4096K)
 Metaspace       used 73673K, committed 74432K, reserved 1114112K
  class space    used 9939K, committed 10304K, reserved 1048576K
}
Event: 11.350 GC heap after
{Heap after GC invocations=21 (full 0):
 garbage-first heap   total 70656K, used 37628K [0x0000000081800000, 0x0000000100000000)
  region size 1024K, 3 young (3072K), 3 survivors (3072K)
 Metaspace       used 73673K, committed 74432K, reserved 1114112K
  class space    used 9939K, committed 10304K, reserved 1048576K
}

